mode: set
github.com/sadysnaat/assignment3/task/task.go:16.13,18.2 1 1
github.com/sadysnaat/assignment3/task/task.go:20.41,21.14 1 1
github.com/sadysnaat/assignment3/task/task.go:25.2,25.22 1 1
github.com/sadysnaat/assignment3/task/task.go:21.14,23.3 1 0
github.com/sadysnaat/assignment3/task/task.go:30.39,31.27 1 1
github.com/sadysnaat/assignment3/task/task.go:35.2,42.16 3 1
github.com/sadysnaat/assignment3/task/task.go:68.2,69.9 2 1
github.com/sadysnaat/assignment3/task/task.go:31.27,33.3 1 0
github.com/sadysnaat/assignment3/task/task.go:43.24,48.20 3 1
github.com/sadysnaat/assignment3/task/task.go:49.20,54.20 3 1
github.com/sadysnaat/assignment3/task/task.go:55.23,60.20 3 1
github.com/sadysnaat/assignment3/task/task.go:61.10,65.22 3 0
github.com/sadysnaat/assignment3/task/task.go:70.57,74.9 4 1
github.com/sadysnaat/assignment3/task/task.go:75.58,78.9 3 1
github.com/sadysnaat/assignment3/task/task.go:79.57,82.9 3 1
