mode: set
github.com/sadysnaat/assignment3/manager/manager.go:15.47,17.8 2 1
github.com/sadysnaat/assignment3/manager/manager.go:21.2,22.12 2 1
github.com/sadysnaat/assignment3/manager/manager.go:17.8,20.3 2 1
github.com/sadysnaat/assignment3/manager/manager.go:25.72,27.8 2 1
github.com/sadysnaat/assignment3/manager/manager.go:31.2,32.12 2 1
github.com/sadysnaat/assignment3/manager/manager.go:27.8,30.3 2 0
github.com/sadysnaat/assignment3/manager/manager.go:35.40,37.2 1 1
github.com/sadysnaat/assignment3/manager/manager.go:39.45,40.6 1 1
github.com/sadysnaat/assignment3/manager/manager.go:40.6,44.51 4 1
github.com/sadysnaat/assignment3/manager/manager.go:67.3,67.17 1 1
github.com/sadysnaat/assignment3/manager/manager.go:44.51,48.18 4 1
github.com/sadysnaat/assignment3/manager/manager.go:51.4,52.29 2 1
github.com/sadysnaat/assignment3/manager/manager.go:56.4,56.49 1 1
github.com/sadysnaat/assignment3/manager/manager.go:64.4,64.15 1 1
github.com/sadysnaat/assignment3/manager/manager.go:48.18,50.5 1 0
github.com/sadysnaat/assignment3/manager/manager.go:52.29,54.5 1 1
github.com/sadysnaat/assignment3/manager/manager.go:56.49,60.19 4 1
github.com/sadysnaat/assignment3/manager/manager.go:60.19,62.6 1 0
github.com/sadysnaat/assignment3/manager/manager.go:67.17,71.4 3 1
